Determining if the pthread_create exist failed with the following output:
Change Dir: /home/nvidia/Desktop/2023-first-energy/build/CMakeFiles/CMakeTmp

Run Build Command:"/usr/bin/make" "cmTC_43f0d/fast"
/usr/bin/make -f CMakeFiles/cmTC_43f0d.dir/build.make CMakeFiles/cmTC_43f0d.dir/build
make[1]: Entering directory '/home/nvidia/Desktop/2023-first-energy/build/CMakeFiles/CMakeTmp'
Building C object CMakeFiles/cmTC_43f0d.dir/CheckSymbolExists.c.o
/usr/bin/cc   -fPIC    -o CMakeFiles/cmTC_43f0d.dir/CheckSymbolExists.c.o   -c /home/nvidia/Desktop/2023-first-energy/build/CMakeFiles/CMakeTmp/CheckSymbolExists.c
Linking C executable cmTC_43f0d
/usr/bin/cmake -E cmake_link_script CMakeFiles/cmTC_43f0d.dir/link.txt --verbose=1
/usr/bin/cc -fPIC     CMakeFiles/cmTC_43f0d.dir/CheckSymbolExists.c.o  -o cmTC_43f0d 
CMakeFiles/cmTC_43f0d.dir/CheckSymbolExists.c.o: In function `main':
CheckSymbolExists.c:(.text+0x14): undefined reference to `pthread_create'
CheckSymbolExists.c:(.text+0x18): undefined reference to `pthread_create'
collect2: error: ld returned 1 exit status
CMakeFiles/cmTC_43f0d.dir/build.make:97: recipe for target 'cmTC_43f0d' failed
make[1]: *** [cmTC_43f0d] Error 1
make[1]: Leaving directory '/home/nvidia/Desktop/2023-first-energy/build/CMakeFiles/CMakeTmp'
Makefile:126: recipe for target 'cmTC_43f0d/fast' failed
make: *** [cmTC_43f0d/fast] Error 2

File /home/nvidia/Desktop/2023-first-energy/build/CMakeFiles/CMakeTmp/CheckSymbolExists.c:
/* */
#include <pthread.h>

int main(int argc, char** argv)
{
  (void)argv;
#ifndef pthread_create
  return ((int*)(&pthread_create))[argc];
#else
  (void)argc;
  return 0;
#endif
}

Determining if the function pthread_create exists in the pthreads failed with the following output:
Change Dir: /home/nvidia/Desktop/2023-first-energy/build/CMakeFiles/CMakeTmp

Run Build Command:"/usr/bin/make" "cmTC_c0f0a/fast"
/usr/bin/make -f CMakeFiles/cmTC_c0f0a.dir/build.make CMakeFiles/cmTC_c0f0a.dir/build
make[1]: Entering directory '/home/nvidia/Desktop/2023-first-energy/build/CMakeFiles/CMakeTmp'
Building C object CMakeFiles/cmTC_c0f0a.dir/CheckFunctionExists.c.o
/usr/bin/cc   -fPIC -DCHECK_FUNCTION_EXISTS=pthread_create   -o CMakeFiles/cmTC_c0f0a.dir/CheckFunctionExists.c.o   -c /usr/share/cmake-3.10/Modules/CheckFunctionExists.c
Linking C executable cmTC_c0f0a
/usr/bin/cmake -E cmake_link_script CMakeFiles/cmTC_c0f0a.dir/link.txt --verbose=1
/usr/bin/cc -fPIC -DCHECK_FUNCTION_EXISTS=pthread_create    CMakeFiles/cmTC_c0f0a.dir/CheckFunctionExists.c.o  -o cmTC_c0f0a -lpthreads 
/usr/bin/ld: cannot find -lpthreads
collect2: error: ld returned 1 exit status
CMakeFiles/cmTC_c0f0a.dir/build.make:97: recipe for target 'cmTC_c0f0a' failed
make[1]: *** [cmTC_c0f0a] Error 1
make[1]: Leaving directory '/home/nvidia/Desktop/2023-first-energy/build/CMakeFiles/CMakeTmp'
Makefile:126: recipe for target 'cmTC_c0f0a/fast' failed
make: *** [cmTC_c0f0a/fast] Error 2


